2016-01-21 17:04:16,855 INFO [org.jasig.cas.CasEnvironmentContextListener] - 
******************** Welcome to CAS ********************
CAS Version: 4.1.4
Java Home: D:\worktools\Java\jdk1.8.0_45\jre
Java Vendor: Oracle Corporation
Java Version: 1.8.0_45
OS Architecture: amd64
OS Name: Windows 7
OS Version: 6.1
*******************************************************

2016-01-21 17:04:19,941 INFO [org.jasig.cas.services.DefaultServicesManagerImpl] - Loaded 2 services.
2016-01-21 17:04:20,444 INFO [org.jasig.cas.util.AutowiringSchedulerFactoryBean] - Starting Quartz Scheduler now
2016-01-21 17:04:20,447 INFO [org.jasig.cas.CasEnvironmentContextListener] - [Apache Tomcat/8.0.22] has loaded the CAS application context
2016-01-21 17:04:28,187 INFO [org.jasig.cas.web.flow.InitialFlowSetupAction] - Setting path for cookies for warn cookie generator to: /cas/ 
2016-01-21 17:04:28,187 INFO [org.jasig.cas.web.flow.InitialFlowSetupAction] - Setting path for cookies for warn cookie generator to: /cas/ 
2016-01-21 17:04:28,189 INFO [org.jasig.cas.web.flow.InitialFlowSetupAction] - Setting path for cookies for TGC cookie generator to: /cas/ 
2016-01-21 17:04:28,189 INFO [org.jasig.cas.web.flow.InitialFlowSetupAction] - Setting path for cookies for TGC cookie generator to: /cas/ 
2016-01-21 17:04:40,067 INFO [org.jasig.cas.ticket.registry.support.DefaultTicketRegistryCleaner] - Beginning ticket cleanup.
2016-01-21 17:04:40,071 INFO [org.jasig.cas.ticket.registry.support.DefaultTicketRegistryCleaner] - 0 expired tickets found to be removed.
2016-01-21 17:04:40,071 INFO [org.jasig.cas.ticket.registry.support.DefaultTicketRegistryCleaner] - Finished ticket cleanup.
