21-Jan-2016 17:09:21.656 INFO [main] org.apache.catalina.startup.VersionLoggerListener.log Server version:        Apache Tomcat/8.0.22
21-Jan-2016 17:09:21.657 INFO [main] org.apache.catalina.startup.VersionLoggerListener.log Server built:          Apr 29 2015 11:46:15 UTC
21-Jan-2016 17:09:21.657 INFO [main] org.apache.catalina.startup.VersionLoggerListener.log Server number:         8.0.22.0
21-Jan-2016 17:09:21.658 INFO [main] org.apache.catalina.startup.VersionLoggerListener.log OS Name:               Windows 7
21-Jan-2016 17:09:21.658 INFO [main] org.apache.catalina.startup.VersionLoggerListener.log OS Version:            6.1
21-Jan-2016 17:09:21.658 INFO [main] org.apache.catalina.startup.VersionLoggerListener.log Architecture:          amd64
21-Jan-2016 17:09:21.658 INFO [main] org.apache.catalina.startup.VersionLoggerListener.log Java Home:             D:\worktools\Java\jdk1.8.0_45\jre
21-Jan-2016 17:09:21.658 INFO [main] org.apache.catalina.startup.VersionLoggerListener.log JVM Version:           1.8.0_45-b15
21-Jan-2016 17:09:21.658 INFO [main] org.apache.catalina.startup.VersionLoggerListener.log JVM Vendor:            Oracle Corporation
21-Jan-2016 17:09:21.659 INFO [main] org.apache.catalina.startup.VersionLoggerListener.log CATALINA_BASE:         E:\laoshiji\codes\casTomcat
21-Jan-2016 17:09:21.659 INFO [main] org.apache.catalina.startup.VersionLoggerListener.log CATALINA_HOME:         E:\laoshiji\codes\casTomcat
21-Jan-2016 17:09:21.659 INFO [main] org.apache.catalina.startup.VersionLoggerListener.log Command line argument: -Djava.util.logging.config.file=E:\laoshiji\codes\casTomcat\conf\logging.properties
21-Jan-2016 17:09:21.659 INFO [main] org.apache.catalina.startup.VersionLoggerListener.log Command line argument: -Djava.util.logging.manager=org.apache.juli.ClassLoaderLogManager
21-Jan-2016 17:09:21.660 INFO [main] org.apache.catalina.startup.VersionLoggerListener.log Command line argument: -Djava.endorsed.dirs=E:\laoshiji\codes\casTomcat\endorsed
21-Jan-2016 17:09:21.661 INFO [main] org.apache.catalina.startup.VersionLoggerListener.log Command line argument: -Dcatalina.base=E:\laoshiji\codes\casTomcat
21-Jan-2016 17:09:21.661 INFO [main] org.apache.catalina.startup.VersionLoggerListener.log Command line argument: -Dcatalina.home=E:\laoshiji\codes\casTomcat
21-Jan-2016 17:09:21.662 INFO [main] org.apache.catalina.startup.VersionLoggerListener.log Command line argument: -Djava.io.tmpdir=E:\laoshiji\codes\casTomcat\temp
21-Jan-2016 17:09:21.662 INFO [main] org.apache.catalina.core.AprLifecycleListener.lifecycleEvent Loaded APR based Apache Tomcat Native library 1.1.33 using APR version 1.5.1.
21-Jan-2016 17:09:21.662 INFO [main] org.apache.catalina.core.AprLifecycleListener.lifecycleEvent APR capabilities: IPv6 [true], sendfile [true], accept filters [false], random [true].
21-Jan-2016 17:09:22.240 INFO [main] org.apache.catalina.core.AprLifecycleListener.initializeSSL OpenSSL successfully initialized (OpenSSL 1.0.1m 19 Mar 2015)
21-Jan-2016 17:09:22.330 INFO [main] org.apache.coyote.AbstractProtocol.init Initializing ProtocolHandler ["http-apr-8080"]
21-Jan-2016 17:09:22.338 INFO [main] org.apache.coyote.AbstractProtocol.init Initializing ProtocolHandler ["ajp-apr-8009"]
21-Jan-2016 17:09:22.340 INFO [main] org.apache.catalina.startup.Catalina.load Initialization processed in 957 ms
21-Jan-2016 17:09:22.360 INFO [main] org.apache.catalina.core.StandardService.startInternal Starting service Catalina
21-Jan-2016 17:09:22.360 INFO [main] org.apache.catalina.core.StandardEngine.startInternal Starting Servlet Engine: Apache Tomcat/8.0.22
21-Jan-2016 17:09:22.382 INFO [localhost-startStop-1] org.apache.catalina.startup.HostConfig.deployWAR Deploying web application archive E:\laoshiji\codes\casTomcat\webapps\cas.war
21-Jan-2016 17:09:25.148 INFO [localhost-startStop-1] org.apache.jasper.servlet.TldScanner.scanJars At least one JAR was scanned for TLDs yet contained no TLDs. Enable debug logging for this logger for a complete list of JARs that were scanned but no TLDs were found in them. Skipping unneeded JARs during scanning can improve startup time and JSP compilation time.
21-Jan-2016 17:09:26.415 INFO [localhost-startStop-1] null.null HV000001: Hibernate Validator 5.1.3.Final
21-Jan-2016 17:09:27.724 INFO [localhost-startStop-1] com.mchange.v2.log.MLog.<clinit> MLog clients using java 1.4+ standard logging.
21-Jan-2016 17:09:27.748 INFO [localhost-startStop-1] com.mchange.v2.c3p0.C3P0Registry.banner Initializing c3p0-0.9.1.2 [built 21-May-2007 15:04:56; debug? true; trace: 10]
21-Jan-2016 17:09:29.910 INFO [localhost-startStop-1] org.apache.catalina.startup.HostConfig.deployWAR Deployment of web application archive E:\laoshiji\codes\casTomcat\webapps\cas.war has finished in 7,527 ms
21-Jan-2016 17:09:29.912 INFO [localhost-startStop-1] org.apache.catalina.startup.HostConfig.deployDirectory Deploying web application directory E:\laoshiji\codes\casTomcat\webapps\docs
21-Jan-2016 17:09:29.933 INFO [localhost-startStop-1] org.apache.catalina.startup.HostConfig.deployDirectory Deployment of web application directory E:\laoshiji\codes\casTomcat\webapps\docs has finished in 20 ms
21-Jan-2016 17:09:29.933 INFO [localhost-startStop-1] org.apache.catalina.startup.HostConfig.deployDirectory Deploying web application directory E:\laoshiji\codes\casTomcat\webapps\examples
21-Jan-2016 17:09:30.076 INFO [localhost-startStop-1] org.apache.catalina.startup.HostConfig.deployDirectory Deployment of web application directory E:\laoshiji\codes\casTomcat\webapps\examples has finished in 143 ms
21-Jan-2016 17:09:30.077 INFO [localhost-startStop-1] org.apache.catalina.startup.HostConfig.deployDirectory Deploying web application directory E:\laoshiji\codes\casTomcat\webapps\host-manager
21-Jan-2016 17:09:30.095 INFO [localhost-startStop-1] org.apache.catalina.startup.HostConfig.deployDirectory Deployment of web application directory E:\laoshiji\codes\casTomcat\webapps\host-manager has finished in 18 ms
21-Jan-2016 17:09:30.095 INFO [localhost-startStop-1] org.apache.catalina.startup.HostConfig.deployDirectory Deploying web application directory E:\laoshiji\codes\casTomcat\webapps\manager
21-Jan-2016 17:09:30.111 INFO [localhost-startStop-1] org.apache.catalina.startup.HostConfig.deployDirectory Deployment of web application directory E:\laoshiji\codes\casTomcat\webapps\manager has finished in 16 ms
21-Jan-2016 17:09:30.112 INFO [localhost-startStop-1] org.apache.catalina.startup.HostConfig.deployDirectory Deploying web application directory E:\laoshiji\codes\casTomcat\webapps\ROOT
21-Jan-2016 17:09:30.125 INFO [localhost-startStop-1] org.apache.catalina.startup.HostConfig.deployDirectory Deployment of web application directory E:\laoshiji\codes\casTomcat\webapps\ROOT has finished in 13 ms
21-Jan-2016 17:09:30.129 INFO [main] org.apache.coyote.AbstractProtocol.start Starting ProtocolHandler ["http-apr-8080"]
21-Jan-2016 17:09:30.136 INFO [main] org.apache.coyote.AbstractProtocol.start Starting ProtocolHandler ["ajp-apr-8009"]
21-Jan-2016 17:09:30.137 INFO [main] org.apache.catalina.startup.Catalina.start Server startup in 7796 ms
21-Jan-2016 17:09:38.471 INFO [http-apr-8080-exec-2] com.mchange.v2.c3p0.impl.AbstractPoolBackedDataSource.getPoolManager Initializing c3p0 pool... com.mchange.v2.c3p0.ComboPooledDataSource [ acquireIncrement -> 3, acquireRetryAttempts -> 30, acquireRetryDelay -> 1000, autoCommitOnClose -> false, automaticTestTable -> null, breakAfterAcquireFailure -> false, checkoutTimeout -> 0, connectionCustomizerClassName -> null, connectionTesterClassName -> com.mchange.v2.c3p0.impl.DefaultConnectionTester, dataSourceName -> 1hge6zj9erlc2f0b90ood|4eda765c, debugUnreturnedConnectionStackTraces -> false, description -> null, driverClass -> com.mysql.jdbc.Driver, factoryClassLocation -> null, forceIgnoreUnresolvedTransactions -> false, identityToken -> 1hge6zj9erlc2f0b90ood|4eda765c, idleConnectionTestPeriod -> 0, initialPoolSize -> 3, jdbcUrl -> jdbc:mysql://rdsecoyb0e12uig5ji3th.mysql.rds.aliyuncs.com:3306/rs7188h1fb4j6137?useUnicode=true&characterEncoding=UTF-8&zeroDateTimeBehavior=convertToNull, maxAdministrativeTaskTime -> 0, maxConnectionAge -> 0, maxIdleTime -> 0, maxIdleTimeExcessConnections -> 0, maxPoolSize -> 15, maxStatements -> 0, maxStatementsPerConnection -> 0, minPoolSize -> 3, numHelperThreads -> 3, numThreadsAwaitingCheckoutDefaultUser -> 0, preferredTestQuery -> null, properties -> {user=******, password=******}, propertyCycle -> 0, testConnectionOnCheckin -> false, testConnectionOnCheckout -> false, unreturnedConnectionTimeout -> 0, usesTraditionalReflectiveProxies -> false ]
21-Jan-2016 17:10:25.846 INFO [main] org.apache.catalina.startup.VersionLoggerListener.log Server version:        Apache Tomcat/8.0.22
21-Jan-2016 17:10:25.848 INFO [main] org.apache.catalina.startup.VersionLoggerListener.log Server built:          Apr 29 2015 11:46:15 UTC
21-Jan-2016 17:10:25.848 INFO [main] org.apache.catalina.startup.VersionLoggerListener.log Server number:         8.0.22.0
21-Jan-2016 17:10:25.848 INFO [main] org.apache.catalina.startup.VersionLoggerListener.log OS Name:               Windows 7
21-Jan-2016 17:10:25.848 INFO [main] org.apache.catalina.startup.VersionLoggerListener.log OS Version:            6.1
21-Jan-2016 17:10:25.848 INFO [main] org.apache.catalina.startup.VersionLoggerListener.log Architecture:          amd64
21-Jan-2016 17:10:25.848 INFO [main] org.apache.catalina.startup.VersionLoggerListener.log Java Home:             D:\worktools\Java\jdk1.8.0_45\jre
21-Jan-2016 17:10:25.848 INFO [main] org.apache.catalina.startup.VersionLoggerListener.log JVM Version:           1.8.0_45-b15
21-Jan-2016 17:10:25.849 INFO [main] org.apache.catalina.startup.VersionLoggerListener.log JVM Vendor:            Oracle Corporation
21-Jan-2016 17:10:25.849 INFO [main] org.apache.catalina.startup.VersionLoggerListener.log CATALINA_BASE:         E:\laoshiji\codes\casTomcat
21-Jan-2016 17:10:25.849 INFO [main] org.apache.catalina.startup.VersionLoggerListener.log CATALINA_HOME:         E:\laoshiji\codes\casTomcat
21-Jan-2016 17:10:25.850 INFO [main] org.apache.catalina.startup.VersionLoggerListener.log Command line argument: -Djava.util.logging.config.file=E:\laoshiji\codes\casTomcat\conf\logging.properties
21-Jan-2016 17:10:25.850 INFO [main] org.apache.catalina.startup.VersionLoggerListener.log Command line argument: -Djava.util.logging.manager=org.apache.juli.ClassLoaderLogManager
21-Jan-2016 17:10:25.851 INFO [main] org.apache.catalina.startup.VersionLoggerListener.log Command line argument: -Djava.endorsed.dirs=E:\laoshiji\codes\casTomcat\endorsed
21-Jan-2016 17:10:25.851 INFO [main] org.apache.catalina.startup.VersionLoggerListener.log Command line argument: -Dcatalina.base=E:\laoshiji\codes\casTomcat
21-Jan-2016 17:10:25.852 INFO [main] org.apache.catalina.startup.VersionLoggerListener.log Command line argument: -Dcatalina.home=E:\laoshiji\codes\casTomcat
21-Jan-2016 17:10:25.852 INFO [main] org.apache.catalina.startup.VersionLoggerListener.log Command line argument: -Djava.io.tmpdir=E:\laoshiji\codes\casTomcat\temp
21-Jan-2016 17:10:25.852 INFO [main] org.apache.catalina.core.AprLifecycleListener.lifecycleEvent Loaded APR based Apache Tomcat Native library 1.1.33 using APR version 1.5.1.
21-Jan-2016 17:10:25.852 INFO [main] org.apache.catalina.core.AprLifecycleListener.lifecycleEvent APR capabilities: IPv6 [true], sendfile [true], accept filters [false], random [true].
21-Jan-2016 17:10:26.430 INFO [main] org.apache.catalina.core.AprLifecycleListener.initializeSSL OpenSSL successfully initialized (OpenSSL 1.0.1m 19 Mar 2015)
21-Jan-2016 17:10:26.519 INFO [main] org.apache.coyote.AbstractProtocol.init Initializing ProtocolHandler ["http-apr-8080"]
21-Jan-2016 17:10:26.527 INFO [main] org.apache.coyote.AbstractProtocol.init Initializing ProtocolHandler ["ajp-apr-8009"]
21-Jan-2016 17:10:26.529 INFO [main] org.apache.catalina.startup.Catalina.load Initialization processed in 943 ms
21-Jan-2016 17:10:26.548 INFO [main] org.apache.catalina.core.StandardService.startInternal Starting service Catalina
21-Jan-2016 17:10:26.549 INFO [main] org.apache.catalina.core.StandardEngine.startInternal Starting Servlet Engine: Apache Tomcat/8.0.22
21-Jan-2016 17:10:26.578 INFO [localhost-startStop-1] org.apache.catalina.startup.HostConfig.deployWAR Deploying web application archive E:\laoshiji\codes\casTomcat\webapps\cas.war
21-Jan-2016 17:10:29.279 INFO [localhost-startStop-1] org.apache.jasper.servlet.TldScanner.scanJars At least one JAR was scanned for TLDs yet contained no TLDs. Enable debug logging for this logger for a complete list of JARs that were scanned but no TLDs were found in them. Skipping unneeded JARs during scanning can improve startup time and JSP compilation time.
21-Jan-2016 17:10:30.584 INFO [localhost-startStop-1] null.null HV000001: Hibernate Validator 5.1.3.Final
21-Jan-2016 17:10:31.908 INFO [localhost-startStop-1] com.mchange.v2.log.MLog.<clinit> MLog clients using java 1.4+ standard logging.
21-Jan-2016 17:10:31.940 INFO [localhost-startStop-1] com.mchange.v2.c3p0.C3P0Registry.banner Initializing c3p0-0.9.1.2 [built 21-May-2007 15:04:56; debug? true; trace: 10]
21-Jan-2016 17:10:34.369 INFO [localhost-startStop-1] org.apache.catalina.startup.HostConfig.deployWAR Deployment of web application archive E:\laoshiji\codes\casTomcat\webapps\cas.war has finished in 7,791 ms
21-Jan-2016 17:10:34.371 INFO [localhost-startStop-1] org.apache.catalina.startup.HostConfig.deployDirectory Deploying web application directory E:\laoshiji\codes\casTomcat\webapps\docs
21-Jan-2016 17:10:34.385 INFO [localhost-startStop-1] org.apache.catalina.startup.HostConfig.deployDirectory Deployment of web application directory E:\laoshiji\codes\casTomcat\webapps\docs has finished in 15 ms
21-Jan-2016 17:10:34.388 INFO [localhost-startStop-1] org.apache.catalina.startup.HostConfig.deployDirectory Deploying web application directory E:\laoshiji\codes\casTomcat\webapps\examples
21-Jan-2016 17:10:34.527 INFO [localhost-startStop-1] org.apache.catalina.startup.HostConfig.deployDirectory Deployment of web application directory E:\laoshiji\codes\casTomcat\webapps\examples has finished in 140 ms
21-Jan-2016 17:10:34.527 INFO [localhost-startStop-1] org.apache.catalina.startup.HostConfig.deployDirectory Deploying web application directory E:\laoshiji\codes\casTomcat\webapps\host-manager
21-Jan-2016 17:10:34.546 INFO [localhost-startStop-1] org.apache.catalina.startup.HostConfig.deployDirectory Deployment of web application directory E:\laoshiji\codes\casTomcat\webapps\host-manager has finished in 19 ms
21-Jan-2016 17:10:34.547 INFO [localhost-startStop-1] org.apache.catalina.startup.HostConfig.deployDirectory Deploying web application directory E:\laoshiji\codes\casTomcat\webapps\manager
21-Jan-2016 17:10:34.565 INFO [localhost-startStop-1] org.apache.catalina.startup.HostConfig.deployDirectory Deployment of web application directory E:\laoshiji\codes\casTomcat\webapps\manager has finished in 18 ms
21-Jan-2016 17:10:34.566 INFO [localhost-startStop-1] org.apache.catalina.startup.HostConfig.deployDirectory Deploying web application directory E:\laoshiji\codes\casTomcat\webapps\ROOT
21-Jan-2016 17:10:34.581 INFO [localhost-startStop-1] org.apache.catalina.startup.HostConfig.deployDirectory Deployment of web application directory E:\laoshiji\codes\casTomcat\webapps\ROOT has finished in 15 ms
21-Jan-2016 17:10:34.584 INFO [main] org.apache.coyote.AbstractProtocol.start Starting ProtocolHandler ["http-apr-8080"]
21-Jan-2016 17:10:34.592 INFO [main] org.apache.coyote.AbstractProtocol.start Starting ProtocolHandler ["ajp-apr-8009"]
21-Jan-2016 17:10:34.593 INFO [main] org.apache.catalina.startup.Catalina.start Server startup in 8063 ms
21-Jan-2016 17:10:40.488 INFO [http-apr-8080-exec-2] com.mchange.v2.c3p0.impl.AbstractPoolBackedDataSource.getPoolManager Initializing c3p0 pool... com.mchange.v2.c3p0.ComboPooledDataSource [ acquireIncrement -> 3, acquireRetryAttempts -> 30, acquireRetryDelay -> 1000, autoCommitOnClose -> false, automaticTestTable -> null, breakAfterAcquireFailure -> false, checkoutTimeout -> 0, connectionCustomizerClassName -> null, connectionTesterClassName -> com.mchange.v2.c3p0.impl.DefaultConnectionTester, dataSourceName -> 1hge6zj9erldfy21cpu4ge|4544732c, debugUnreturnedConnectionStackTraces -> false, description -> null, driverClass -> com.mysql.jdbc.Driver, factoryClassLocation -> null, forceIgnoreUnresolvedTransactions -> false, identityToken -> 1hge6zj9erldfy21cpu4ge|4544732c, idleConnectionTestPeriod -> 0, initialPoolSize -> 3, jdbcUrl -> jdbc:mysql://rdsecoyb0e12uig5ji3th.mysql.rds.aliyuncs.com:3306/rs7188h1fb4j6137?useUnicode=true&characterEncoding=UTF-8&zeroDateTimeBehavior=convertToNull, maxAdministrativeTaskTime -> 0, maxConnectionAge -> 0, maxIdleTime -> 0, maxIdleTimeExcessConnections -> 0, maxPoolSize -> 15, maxStatements -> 0, maxStatementsPerConnection -> 0, minPoolSize -> 3, numHelperThreads -> 3, numThreadsAwaitingCheckoutDefaultUser -> 0, preferredTestQuery -> null, properties -> {user=******, password=******}, propertyCycle -> 0, testConnectionOnCheckin -> false, testConnectionOnCheckout -> false, unreturnedConnectionTimeout -> 0, usesTraditionalReflectiveProxies -> false ]
